Drill report for /home/rohit/Documents/academics/IL2237/Lab/Lab 2/open-smartwatch-light-main/osw-light-modifiedv2.kicad_pcb
Created on Sun 09 May 2021 11:34:56 AM CEST

Copper Layer Stackup:
    =============================================================
    L1 :  F.Cu                      front
    L2 :  GND                       in1
    L3 :  PWR                       in2
    L4 :  B.Cu                      back


Drill file 'osw-light-modifiedv2-PTH.drl' contains
    plated through holes:
    =============================================================
    T1  0,400mm  0,0157"  (137 holes)  (with 8 slots)
    T2  0,750mm  0,0295"  (2 holes)  (with 2 slots)
    T3  1,000mm  0,0394"  (2 holes)

    Total plated holes count 141


Drill file 'osw-light-modifiedv2-NPTH.drl' contains
    unplated through holes:
    =============================================================
    T1  1,000mm  0,0394"  (2 holes)  (with 2 slots)
    T2  1,700mm  0,0669"  (2 holes)
    T3  4,300mm  0,1693"  (4 holes)

    Total unplated holes count 8
